# JRE version: OpenJDK Runtime Environment Temurin-17.0.1+12 (17.0.1+12) (build 17.0.1+12)
# Java VM: OpenJDK 64-Bit Server VM Temurin-17.0.1+12 (17.0.1+12, mixed mode, emulated-client, tiered, compressed oops, compressed class ptrs, g1 gc, windows-amd64)
GC Precious Log:
 CPUs: 4 total, 4 available
 Memory: 4005M
 Large Page Support: Disabled
 NUMA Support: Disabled
 Compressed Oops: Enabled (32-bit)
 Heap Region Size: 1M
 Heap Min Capacity: 8M
 Heap Initial Capacity: 64M
 Heap Max Capacity: 1002M
 Pre-touch: Disabled
 Parallel Workers: 4
 Concurrent Workers: 1
 Concurrent Refinement Workers: 4
 Periodic GC: Disabled
Heap:
 garbage-first heap   total 65536K, used 40555K [0x00000000c1600000, 0x0000000100000000)
  region size 1024K, 24 young (24576K), 5 survivors (5120K)
 Metaspace       used 57656K, committed 58048K, reserved 1105920K
  class space    used 7785K, committed 8000K, reserved 1048576K
GC Heap History (20 events):
Event: 9.070 GC heap before
{Heap before GC invocations=8 (full 0):
 garbage-first heap   total 40960K, used 28043K [0x00000000c1600000, 0x0000000100000000)
  region size 1024K, 20 young (20480K), 2 survivors (2048K)
 Metaspace       used 25714K, committed 25984K, reserved 1073152K
  class space    used 3014K, committed 3136K, reserved 1048576K
}
Event: 9.073 GC heap after
{Heap after GC invocations=9 (full 0):
 garbage-first heap   total 40960K, used 10427K [0x00000000c1600000, 0x0000000100000000)
  region size 1024K, 2 young (2048K), 2 survivors (2048K)
 Metaspace       used 25714K, committed 25984K, reserved 1073152K
  class space    used 3014K, committed 3136K, reserved 1048576K
}
Event: 12.247 GC heap before
{Heap before GC invocations=9 (full 0):
 garbage-first heap   total 40960K, used 29883K [0x00000000c1600000, 0x0000000100000000)
  region size 1024K, 21 young (21504K), 2 survivors (2048K)
 Metaspace       used 27438K, committed 27712K, reserved 1081344K
  class space    used 3270K, committed 3392K, reserved 1048576K
}
Event: 12.256 GC heap after
{Heap after GC invocations=10 (full 0):
 garbage-first heap   total 40960K, used 11665K [0x00000000c1600000, 0x0000000100000000)
  region size 1024K, 3 young (3072K), 3 survivors (3072K)
 Metaspace       used 27438K, committed 27712K, reserved 1081344K
  class space    used 3270K, committed 3392K, reserved 1048576K
}
Event: 13.864 GC heap before
{Heap before GC invocations=10 (full 0):
 garbage-first heap   total 40960K, used 30097K [0x00000000c1600000, 0x0000000100000000)
  region size 1024K, 21 young (21504K), 3 survivors (3072K)
 Metaspace       used 30128K, committed 30336K, reserved 1081344K
  class space    used 3692K, committed 3776K, reserved 1048576K
}
Event: 13.877 GC heap after
{Heap after GC invocations=11 (full 0):
 garbage-first heap   total 40960K, used 12916K [0x00000000c1600000, 0x0000000100000000)
  region size 1024K, 3 young (3072K), 3 survivors (3072K)
 Metaspace       used 30128K, committed 30336K, reserved 1081344K
  class space    used 3692K, committed 3776K, reserved 1048576K
}
Event: 18.765 GC heap before
{Heap before GC invocations=11 (full 0):
 garbage-first heap   total 40960K, used 29300K [0x00000000c1600000, 0x0000000100000000)
  region size 1024K, 20 young (20480K), 3 survivors (3072K)
 Metaspace       used 33446K, committed 33728K, reserved 1081344K
  class space    used 4168K, committed 4288K, reserved 1048576K
}
Event: 18.781 GC heap after
{Heap after GC invocations=12 (full 0):
 garbage-first heap   total 40960K, used 14748K [0x00000000c1600000, 0x0000000100000000)
  region size 1024K, 3 young (3072K), 3 survivors (3072K)
 Metaspace       used 33446K, committed 33728K, reserved 1081344K
  class space    used 4168K, committed 4288K, reserved 1048576K
}
Event: 18.990 GC heap before
{Heap before GC invocations=12 (full 0):
 garbage-first heap   total 40960K, used 30108K [0x00000000c1600000, 0x0000000100000000)
  region size 1024K, 19 young (19456K), 3 survivors (3072K)
 Metaspace       used 33719K, committed 33984K, reserved 1081344K
  class space    used 4191K, committed 4288K, reserved 1048576K
}
Event: 19.000 GC heap after
{Heap after GC invocations=13 (full 0):
 garbage-first heap   total 40960K, used 15368K [0x00000000c1600000, 0x0000000100000000)
  region size 1024K, 1 young (1024K), 1 survivors (1024K)
 Metaspace       used 33719K, committed 33984K, reserved 1081344K
  class space    used 4191K, committed 4288K, reserved 1048576K
}
Event: 19.007 GC heap before
{Heap before GC invocations=13 (full 0):
 garbage-first heap   total 40960K, used 30728K [0x00000000c1600000, 0x0000000100000000)
  region size 1024K, 17 young (17408K), 1 survivors (1024K)
 Metaspace       used 33719K, committed 33984K, reserved 1081344K
  class space    used 4191K, committed 4288K, reserved 1048576K
}
Event: 19.008 GC heap after
{Heap after GC invocations=14 (full 0):
 garbage-first heap   total 40960K, used 15044K [0x00000000c1600000, 0x0000000100000000)
  region size 1024K, 1 young (1024K), 1 survivors (1024K)
 Metaspace       used 33719K, committed 33984K, reserved 1081344K
  class space    used 4191K, committed 4288K, reserved 1048576K
}
Event: 36.868 GC heap before
{Heap before GC invocations=14 (full 0):
 garbage-first heap   total 40960K, used 30404K [0x00000000c1600000, 0x0000000100000000)
  region size 1024K, 17 young (17408K), 1 survivors (1024K)
 Metaspace       used 34757K, committed 35072K, reserved 1081344K
  class space    used 4334K, committed 4480K, reserved 1048576K
}
Event: 36.871 GC heap after
{Heap after GC invocations=15 (full 0):
 garbage-first heap   total 70656K, used 15337K [0x00000000c1600000, 0x0000000100000000)
  region size 1024K, 1 young (1024K), 1 survivors (1024K)
 Metaspace       used 34757K, committed 35072K, reserved 1081344K
  class space    used 4334K, committed 4480K, reserved 1048576K
}
Event: 39.726 GC heap before
{Heap before GC invocations=15 (full 0):
 garbage-first heap   total 70656K, used 45033K [0x00000000c1600000, 0x0000000100000000)
  region size 1024K, 31 young (31744K), 1 survivors (1024K)
 Metaspace       used 42233K, committed 42560K, reserved 1089536K
  class space    used 5455K, committed 5632K, reserved 1048576K
}
Event: 39.732 GC heap after
{Heap after GC invocations=16 (full 0):
 garbage-first heap   total 70656K, used 17062K [0x00000000c1600000, 0x0000000100000000)
  region size 1024K, 3 young (3072K), 3 survivors (3072K)
 Metaspace       used 42233K, committed 42560K, reserved 1089536K
  class space    used 5455K, committed 5632K, reserved 1048576K
}
Event: 78.576 GC heap before
{Heap before GC invocations=17 (full 0):
 garbage-first heap   total 65536K, used 52902K [0x00000000c1600000, 0x0000000100000000)
  region size 1024K, 38 young (38912K), 3 survivors (3072K)
 Metaspace       used 51296K, committed 51584K, reserved 1097728K
  class space    used 6895K, committed 7040K, reserved 1048576K
}
Event: 78.584 GC heap after
{Heap after GC invocations=18 (full 0):
 garbage-first heap   total 65536K, used 19686K [0x00000000c1600000, 0x0000000100000000)
  region size 1024K, 5 young (5120K), 5 survivors (5120K)
 Metaspace       used 51296K, committed 51584K, reserved 1097728K
  class space    used 6895K, committed 7040K, reserved 1048576K
}
Event: 125.629 GC heap before
{Heap before GC invocations=18 (full 0):
 garbage-first heap   total 65536K, used 50406K [0x00000000c1600000, 0x0000000100000000)
  region size 1024K, 35 young (35840K), 5 survivors (5120K)
 Metaspace       used 55335K, committed 55808K, reserved 1097728K
  class space    used 7454K, committed 7680K, reserved 1048576K
}
Event: 125.644 GC heap after
{Heap after GC invocations=19 (full 0):
 garbage-first heap   total 65536K, used 22123K [0x00000000c1600000, 0x0000000100000000)
  region size 1024K, 5 young (5120K), 5 survivors (5120K)
 Metaspace       used 55335K, committed 55808K, reserved 1097728K
  class space    used 7454K, committed 7680K, reserved 1048576K
}

